This is pdfTeX, Version 3.14159265-2.6-1.40.16 (TeX Live 2015) (preloaded format=pdflatex 2015.5.24)  31 MAY 2016 12:22
entering extended mode
 restricted \write18 enabled.
 file:line:error style messages enabled.
 %&-line parsing enabled.
**Report.tex
(./Report.tex
LaTeX2e <2015/01/01>
Babel <3.9l> and hyphenation patterns for 79 languages loaded.
(/usr/local/texlive/2015/texmf-dist/tex/latex/base/article.cls
Document Class: article 2014/09/29 v1.4h Standard LaTeX document class
(/usr/local/texlive/2015/texmf-dist/tex/latex/base/size10.clo
File: size10.clo 2014/09/29 v1.4h Standard LaTeX file (size option)
)
\c@part=\count79
\c@section=\count80
\c@subsection=\count81
\c@subsubsection=\count82
\c@paragraph=\count83
\c@subparagraph=\count84
\c@figure=\count85
\c@table=\count86
\abovecaptionskip=\skip41
\belowcaptionskip=\skip42
\bibindent=\dimen102
)
(/usr/local/texlive/2015/texmf-dist/tex/latex/graphics/graphicx.sty
Package: graphicx 2014/10/28 v1.0g Enhanced LaTeX Graphics (DPC,SPQR)

(/usr/local/texlive/2015/texmf-dist/tex/latex/graphics/keyval.sty
Package: keyval 2014/10/28 v1.15 key=value parser (DPC)
\KV@toks@=\toks14
)
(/usr/local/texlive/2015/texmf-dist/tex/latex/graphics/graphics.sty
Package: graphics 2014/10/28 v1.0p Standard LaTeX Graphics (DPC,SPQR)

(/usr/local/texlive/2015/texmf-dist/tex/latex/graphics/trig.sty
Package: trig 1999/03/16 v1.09 sin cos tan (DPC)
)
(/usr/local/texlive/2015/texmf-dist/tex/latex/latexconfig/graphics.cfg
File: graphics.cfg 2010/04/23 v1.9 graphics configuration of TeX Live
)
Package graphics Info: Driver file: pdftex.def on input line 94.

(/usr/local/texlive/2015/texmf-dist/tex/latex/pdftex-def/pdftex.def
File: pdftex.def 2011/05/27 v0.06d Graphics/color for pdfTeX

(/usr/local/texlive/2015/texmf-dist/tex/generic/oberdiek/infwarerr.sty
Package: infwarerr 2010/04/08 v1.3 Providing info/warning/error messages (HO)
)
(/usr/local/texlive/2015/texmf-dist/tex/generic/oberdiek/ltxcmds.sty
Package: ltxcmds 2011/11/09 v1.22 LaTeX kernel commands for general use (HO)
)
\Gread@gobject=\count87
))
\Gin@req@height=\dimen103
\Gin@req@width=\dimen104
)
(./Report.aux)
\openout1 = `Report.aux'.

LaTeX Font Info:    Checking defaults for OML/cmm/m/it on input line 6.
LaTeX Font Info:    ... okay on input line 6.
LaTeX Font Info:    Checking defaults for T1/cmr/m/n on input line 6.
LaTeX Font Info:    ... okay on input line 6.
LaTeX Font Info:    Checking defaults for OT1/cmr/m/n on input line 6.
LaTeX Font Info:    ... okay on input line 6.
LaTeX Font Info:    Checking defaults for OMS/cmsy/m/n on input line 6.
LaTeX Font Info:    ... okay on input line 6.
LaTeX Font Info:    Checking defaults for OMX/cmex/m/n on input line 6.
LaTeX Font Info:    ... okay on input line 6.
LaTeX Font Info:    Checking defaults for U/cmr/m/n on input line 6.
LaTeX Font Info:    ... okay on input line 6.

(/usr/local/texlive/2015/texmf-dist/tex/context/base/supp-pdf.mkii
[Loading MPS to PDF converter (version 2006.09.02).]
\scratchcounter=\count88
\scratchdimen=\dimen105
\scratchbox=\box26
\nofMPsegments=\count89
\nofMParguments=\count90
\everyMPshowfont=\toks15
\MPscratchCnt=\count91
\MPscratchDim=\dimen106
\MPnumerator=\count92
\makeMPintoPDFobject=\count93
\everyMPtoPDFconversion=\toks16
) (/usr/local/texlive/2015/texmf-dist/tex/generic/oberdiek/pdftexcmds.sty
Package: pdftexcmds 2011/11/29 v0.20 Utility functions of pdfTeX for LuaTeX (HO
)

(/usr/local/texlive/2015/texmf-dist/tex/generic/oberdiek/ifluatex.sty
Package: ifluatex 2010/03/01 v1.3 Provides the ifluatex switch (HO)
Package ifluatex Info: LuaTeX not detected.
)
(/usr/local/texlive/2015/texmf-dist/tex/generic/oberdiek/ifpdf.sty
Package: ifpdf 2011/01/30 v2.3 Provides the ifpdf switch (HO)
Package ifpdf Info: pdfTeX in PDF mode is detected.
)
Package pdftexcmds Info: LuaTeX not detected.
Package pdftexcmds Info: \pdf@primitive is available.
Package pdftexcmds Info: \pdf@ifprimitive is available.
Package pdftexcmds Info: \pdfdraftmode found.
)
(/usr/local/texlive/2015/texmf-dist/tex/latex/oberdiek/epstopdf-base.sty
Package: epstopdf-base 2010/02/09 v2.5 Base part for package epstopdf

(/usr/local/texlive/2015/texmf-dist/tex/latex/oberdiek/grfext.sty
Package: grfext 2010/08/19 v1.1 Manage graphics extensions (HO)

(/usr/local/texlive/2015/texmf-dist/tex/generic/oberdiek/kvdefinekeys.sty
Package: kvdefinekeys 2011/04/07 v1.3 Define keys (HO)
))
(/usr/local/texlive/2015/texmf-dist/tex/latex/oberdiek/kvoptions.sty
Package: kvoptions 2011/06/30 v3.11 Key value format for package options (HO)

(/usr/local/texlive/2015/texmf-dist/tex/generic/oberdiek/kvsetkeys.sty
Package: kvsetkeys 2012/04/25 v1.16 Key value parser (HO)

(/usr/local/texlive/2015/texmf-dist/tex/generic/oberdiek/etexcmds.sty
Package: etexcmds 2011/02/16 v1.5 Avoid name clashes with e-TeX commands (HO)
Package etexcmds Info: Could not find \expanded.
(etexcmds)             That can mean that you are not using pdfTeX 1.50 or
(etexcmds)             that some package has redefined \expanded.
(etexcmds)             In the latter case, load this package earlier.
)))
Package grfext Info: Graphics extension search list:
(grfext)             [.png,.pdf,.jpg,.mps,.jpeg,.jbig2,.jb2,.PNG,.PDF,.JPG,.JPE
G,.JBIG2,.JB2,.eps]
(grfext)             \AppendGraphicsExtensions on input line 452.

(/usr/local/texlive/2015/texmf-dist/tex/latex/latexconfig/epstopdf-sys.cfg
File: epstopdf-sys.cfg 2010/07/13 v1.3 Configuration of (r)epstopdf for TeX Liv
e
))
LaTeX Font Info:    External font `cmex10' loaded for size
(Font)              <12> on input line 7.
LaTeX Font Info:    External font `cmex10' loaded for size
(Font)              <8> on input line 7.
LaTeX Font Info:    External font `cmex10' loaded for size
(Font)              <6> on input line 7.


LaTeX Warning: No \author given.


LaTeX Warning: Citation `xie2001molecular' on page 1 undefined on input line 13
.


LaTeX Warning: Citation `cooper2003race' on page 1 undefined on input line 13.


LaTeX Warning: Citation `krynetski2000genetic' on page 1 undefined on input lin
e 13.


LaTeX Warning: Citation `higashi2002association' on page 1 undefined on input l
ine 13.


LaTeX Warning: Citation `haga2003fda' on page 1 undefined on input line 15.


LaTeX Warning: Citation `evelyn2001participation' on page 1 undefined on input 
line 15.

[1

{/usr/local/texlive/2015/texmf-var/fonts/map/pdftex/updmap/pdftex.map}]

LaTeX Warning: Reference `dist1' on page 2 undefined on input line 22.

<Figures/Figure1.png, id=11, 673.76718pt x 484.05844pt>
File: Figures/Figure1.png Graphic file (type png)

<use Figures/Figure1.png>
Package pdftex.def Info: Figures/Figure1.png used on input line 26.
(pdftex.def)             Requested size: 338.09853pt x 242.90756pt.


LaTeX Warning: Reference `dist2' on page 2 undefined on input line 30.

[2 <./Figures/Figure1.png>]
<Figures/Figure2.png, id=16, 707.64375pt x 512.66531pt>
File: Figures/Figure2.png Graphic file (type png)

<use Figures/Figure2.png>
Package pdftex.def Info: Figures/Figure2.png used on input line 34.
(pdftex.def)             Requested size: 338.09853pt x 244.94226pt.
 [3 <./Figures/Figure2.png>]

LaTeX Warning: Reference `pc3' on page 4 undefined on input line 45.

<Figures/PieChart_3.jpg, id=20, 6842.56375pt x 5319.875pt>
File: Figures/PieChart_3.jpg Graphic file (type jpg)

<use Figures/PieChart_3.jpg>
Package pdftex.def Info: Figures/PieChart_3.jpg used on input line 49.
(pdftex.def)             Requested size: 338.09853pt x 262.84352pt.


LaTeX Warning: Reference `sc1' on page 4 undefined on input line 53.

<Figures/ScatterAge_2.jpg, id=21, 5771.5625pt x 5261.6575pt>
File: Figures/ScatterAge_2.jpg Graphic file (type jpg)

<use Figures/ScatterAge_2.jpg>
Package pdftex.def Info: Figures/ScatterAge_2.jpg used on input line 57.
(pdftex.def)             Requested size: 338.09853pt x 300.88432pt.


LaTeX Warning: `!h' float specifier changed to `!ht'.

[4 <./Figures/PieChart_3.jpg>]

LaTeX Warning: Reference `pc1' on page 5 undefined on input line 63.

<Figures/PieChart_1.png, id=25, 621.82312pt x 572.1375pt>
File: Figures/PieChart_1.png Graphic file (type png)

<use Figures/PieChart_1.png>
Package pdftex.def Info: Figures/PieChart_1.png used on input line 67.
(pdftex.def)             Requested size: 272.54768pt x 250.77223pt.


LaTeX Warning: `!h' float specifier changed to `!ht'.


LaTeX Warning: Reference `pc2' on page 5 undefined on input line 71.


LaTeX Warning: Reference `pc1' on page 5 undefined on input line 71.


./Report.tex:76: LaTeX Error: File `Figures/PubCountBarGraph' not found.

See the LaTeX manual or LaTeX Companion for explanation.
Type  H <return>  for immediate help.
 ...                                              
                                                  
l.76 ....98\columnwidth]{Figures/PubCountBarGraph}
                                                  
? 
./Report.tex:76: Emergency stop.
 ...                                              
                                                  
l.76 ....98\columnwidth]{Figures/PubCountBarGraph}
                                                  
I could not locate the file with any of these extensions:
.png,.pdf,.jpg,.mps,.jpeg,.jbig2,.jb2,.PNG,.PDF,.JPG,.JPEG,.JBIG2,.JB2,.eps
Try typing  <return>  to proceed.
If that doesn't work, type  X <return>  to quit.

 
Here is how much of TeX's memory you used:
 1535 strings out of 493089
 22303 string characters out of 6134842
 82258 words of memory out of 5000000
 5011 multiletter control sequences out of 15000+600000
 7934 words of font info for 28 fonts, out of 8000000 for 9000
 1141 hyphenation exceptions out of 8191
 37i,6n,23p,1032b,237s stack positions out of 5000i,500n,10000p,200000b,80000s
./Report.tex:76:  ==> Fatal error occurred, no output PDF file produced!
